CRITICAL - 2023-10-01 03:10:44 --> Undefined variable $product
in APPPATH\Views\admins\insert.php on line 109.
 1 APPPATH\Views\admins\insert.php(109): CodeIgniter\Debug\Exceptions->errorHandler(2, 'Undefined variable $product', 'C:\\laragon\\www\\ecomm\\app\\Views\\admins\\insert.php', 109)
 2 SYSTEMPATH\View\View.php(226): include('C:\\laragon\\www\\ecomm\\app\\Views\\admins\\insert.php')
 3 SYSTEMPATH\View\View.php(229): CodeIgniter\View\View->CodeIgniter\View\{closure}()
 4 SYSTEMPATH\Common.php(1188): CodeIgniter\View\View->render('admins/insert', [], true)
 5 APPPATH\Controllers\AdminController.php(17): view('admins/insert')
 6 SYSTEMPATH\CodeIgniter.php(919): App\Controllers\AdminController->insert()
 7 SYSTEMPATH\CodeIgniter.php(494): CodeIgniter\CodeIgniter->runController(Object(App\Controllers\AdminController))
 8 SYSTEMPATH\CodeIgniter.php(353): CodeIgniter\CodeIgniter->handleRequest(null, Object(Config\Cache), false)
 9 FCPATH\index.php(79): CodeIgniter\CodeIgniter->run()
10 SYSTEMPATH\Commands\Server\rewrite.php(47): require_once('C:\\laragon\\www\\ecomm\\public\\index.php')
CRITICAL - 2023-10-01 03:28:28 --> Cannot redeclare App\Controllers\Home::Home()
in APPPATH\Controllers\Home.php on line 19.
 1 [internal function]: CodeIgniter\Debug\Exceptions->shutdownHandler()
CRITICAL - 2023-10-01 03:28:53 --> Cannot redeclare App\Controllers\Home::Home()
in APPPATH\Controllers\Home.php on line 19.
 1 [internal function]: CodeIgniter\Debug\Exceptions->shutdownHandler()
CRITICAL - 2023-10-01 06:03:28 --> syntax error, unexpected end of file
in APPPATH\Config\Routes.php on line 16.
 1 SYSTEMPATH\CodeIgniter.php(787): CodeIgniter\Router\RouteCollection->loadRoutes()
 2 SYSTEMPATH\CodeIgniter.php(442): CodeIgniter\CodeIgniter->tryToRouteIt(null)
 3 SYSTEMPATH\CodeIgniter.php(353): CodeIgniter\CodeIgniter->handleRequest(null, Object(Config\Cache), false)
 4 FCPATH\index.php(79): CodeIgniter\CodeIgniter->run()
 5 SYSTEMPATH\Commands\Server\rewrite.php(47): require_once('C:\\laragon\\www\\ecomm\\public\\index.php')
CRITICAL - 2023-10-01 06:07:34 --> CodeIgniter\Router\RouteCollection::group(): Argument #1 ($name) must be of type string, array given, called in C:\laragon\www\ecomm\app\Config\Routes.php on line 16
in SYSTEMPATH\Router\RouteCollection.php on line 755.
 1 APPPATH\Config\Routes.php(16): CodeIgniter\Router\RouteCollection->group([...], Object(Closure))
 2 SYSTEMPATH\Router\RouteCollection.php(339): require('C:\\laragon\\www\\ecomm\\app\\Config\\Routes.php')
 3 SYSTEMPATH\CodeIgniter.php(787): CodeIgniter\Router\RouteCollection->loadRoutes()
 4 SYSTEMPATH\CodeIgniter.php(442): CodeIgniter\CodeIgniter->tryToRouteIt(null)
 5 SYSTEMPATH\CodeIgniter.php(353): CodeIgniter\CodeIgniter->handleRequest(null, Object(Config\Cache), false)
 6 FCPATH\index.php(79): CodeIgniter\CodeIgniter->run()
 7 SYSTEMPATH\Commands\Server\rewrite.php(47): require_once('C:\\laragon\\www\\ecomm\\public\\index.php')
CRITICAL - 2023-10-01 06:07:37 --> CodeIgniter\Router\RouteCollection::group(): Argument #1 ($name) must be of type string, array given, called in C:\laragon\www\ecomm\app\Config\Routes.php on line 16
in SYSTEMPATH\Router\RouteCollection.php on line 755.
 1 APPPATH\Config\Routes.php(16): CodeIgniter\Router\RouteCollection->group([...], Object(Closure))
 2 SYSTEMPATH\Router\RouteCollection.php(339): require('C:\\laragon\\www\\ecomm\\app\\Config\\Routes.php')
 3 SYSTEMPATH\CodeIgniter.php(787): CodeIgniter\Router\RouteCollection->loadRoutes()
 4 SYSTEMPATH\CodeIgniter.php(442): CodeIgniter\CodeIgniter->tryToRouteIt(null)
 5 SYSTEMPATH\CodeIgniter.php(353): CodeIgniter\CodeIgniter->handleRequest(null, Object(Config\Cache), false)
 6 FCPATH\index.php(79): CodeIgniter\CodeIgniter->run()
 7 SYSTEMPATH\Commands\Server\rewrite.php(47): require_once('C:\\laragon\\www\\ecomm\\public\\index.php')
CRITICAL - 2023-10-01 06:18:07 --> syntax error, unexpected token ":", expecting "]"
in APPPATH\Config\Filters.php on line 22.
 1 SYSTEMPATH\Autoloader\Autoloader.php(285): CodeIgniter\Autoloader\Autoloader->includeFile('C:\\laragon\\www\\ecomm\\app\\Config\\Filters.php')
 2 SYSTEMPATH\Autoloader\Autoloader.php(263): CodeIgniter\Autoloader\Autoloader->loadInNamespace('Config\\Filters')
 3 [internal function]: CodeIgniter\Autoloader\Autoloader->loadClass('Config\\Filters')
 4 SYSTEMPATH\Config\Factories.php(277): class_exists('Config\\Filters')
 5 SYSTEMPATH\Config\Factories.php(196): CodeIgniter\Config\Factories::locateClass([...], 'Config\\Filters')
 6 SYSTEMPATH\Config\Factories.php(155): CodeIgniter\Config\Factories::getDefinedInstance([...], 'Config\\Filters', [])
 7 SYSTEMPATH\Common.php(217): CodeIgniter\Config\Factories::__callStatic('config', [])
 8 SYSTEMPATH\Config\Services.php(290): config('Config\\Filters')
 9 SYSTEMPATH\Config\BaseService.php(258): CodeIgniter\Config\Services::filters(null, false)
10 SYSTEMPATH\Config\BaseService.php(199): CodeIgniter\Config\BaseService::__callStatic('filters', [...])
11 SYSTEMPATH\Config\Services.php(287): CodeIgniter\Config\BaseService::getSharedInstance('filters', null)
12 SYSTEMPATH\Config\BaseService.php(258): CodeIgniter\Config\Services::filters()
13 SYSTEMPATH\CodeIgniter.php(448): CodeIgniter\Config\BaseService::__callStatic('filters', [])
14 SYSTEMPATH\CodeIgniter.php(353): CodeIgniter\CodeIgniter->handleRequest(null, Object(Config\Cache), false)
15 FCPATH\index.php(79): CodeIgniter\CodeIgniter->run()
16 SYSTEMPATH\Commands\Server\rewrite.php(47): require_once('C:\\laragon\\www\\ecomm\\public\\index.php')
CRITICAL - 2023-10-01 06:21:12 --> syntax error, unexpected token "class", expecting "]"
in APPPATH\Config\Filters.php on line 22.
 1 SYSTEMPATH\Autoloader\Autoloader.php(285): CodeIgniter\Autoloader\Autoloader->includeFile('C:\\laragon\\www\\ecomm\\app\\Config\\Filters.php')
 2 SYSTEMPATH\Autoloader\Autoloader.php(263): CodeIgniter\Autoloader\Autoloader->loadInNamespace('Config\\Filters')
 3 [internal function]: CodeIgniter\Autoloader\Autoloader->loadClass('Config\\Filters')
 4 SYSTEMPATH\Config\Factories.php(277): class_exists('Config\\Filters')
 5 SYSTEMPATH\Config\Factories.php(196): CodeIgniter\Config\Factories::locateClass([...], 'Config\\Filters')
 6 SYSTEMPATH\Config\Factories.php(155): CodeIgniter\Config\Factories::getDefinedInstance([...], 'Config\\Filters', [])
 7 SYSTEMPATH\Common.php(217): CodeIgniter\Config\Factories::__callStatic('config', [])
 8 SYSTEMPATH\Config\Services.php(290): config('Config\\Filters')
 9 SYSTEMPATH\Config\BaseService.php(258): CodeIgniter\Config\Services::filters(null, false)
10 SYSTEMPATH\Config\BaseService.php(199): CodeIgniter\Config\BaseService::__callStatic('filters', [...])
11 SYSTEMPATH\Config\Services.php(287): CodeIgniter\Config\BaseService::getSharedInstance('filters', null)
12 SYSTEMPATH\Config\BaseService.php(258): CodeIgniter\Config\Services::filters()
13 SYSTEMPATH\CodeIgniter.php(448): CodeIgniter\Config\BaseService::__callStatic('filters', [])
14 SYSTEMPATH\CodeIgniter.php(353): CodeIgniter\CodeIgniter->handleRequest(null, Object(Config\Cache), false)
15 FCPATH\index.php(79): CodeIgniter\CodeIgniter->run()
16 SYSTEMPATH\Commands\Server\rewrite.php(47): require_once('C:\\laragon\\www\\ecomm\\public\\index.php')
CRITICAL - 2023-10-01 06:21:47 --> syntax error, unexpected token ":", expecting "]"
in APPPATH\Config\Filters.php on line 22.
 1 SYSTEMPATH\Autoloader\Autoloader.php(285): CodeIgniter\Autoloader\Autoloader->includeFile('C:\\laragon\\www\\ecomm\\app\\Config\\Filters.php')
 2 SYSTEMPATH\Autoloader\Autoloader.php(263): CodeIgniter\Autoloader\Autoloader->loadInNamespace('Config\\Filters')
 3 [internal function]: CodeIgniter\Autoloader\Autoloader->loadClass('Config\\Filters')
 4 SYSTEMPATH\Config\Factories.php(277): class_exists('Config\\Filters')
 5 SYSTEMPATH\Config\Factories.php(196): CodeIgniter\Config\Factories::locateClass([...], 'Config\\Filters')
 6 SYSTEMPATH\Config\Factories.php(155): CodeIgniter\Config\Factories::getDefinedInstance([...], 'Config\\Filters', [])
 7 SYSTEMPATH\Common.php(217): CodeIgniter\Config\Factories::__callStatic('config', [])
 8 SYSTEMPATH\Config\Services.php(290): config('Config\\Filters')
 9 SYSTEMPATH\Config\BaseService.php(258): CodeIgniter\Config\Services::filters(null, false)
10 SYSTEMPATH\Config\BaseService.php(199): CodeIgniter\Config\BaseService::__callStatic('filters', [...])
11 SYSTEMPATH\Config\Services.php(287): CodeIgniter\Config\BaseService::getSharedInstance('filters', null)
12 SYSTEMPATH\Config\BaseService.php(258): CodeIgniter\Config\Services::filters()
13 SYSTEMPATH\CodeIgniter.php(448): CodeIgniter\Config\BaseService::__callStatic('filters', [])
14 SYSTEMPATH\CodeIgniter.php(353): CodeIgniter\CodeIgniter->handleRequest(null, Object(Config\Cache), false)
15 FCPATH\index.php(79): CodeIgniter\CodeIgniter->run()
16 SYSTEMPATH\Commands\Server\rewrite.php(47): require_once('C:\\laragon\\www\\ecomm\\public\\index.php')
CRITICAL - 2023-10-01 06:22:28 --> syntax error, unexpected token ":", expecting "]"
in APPPATH\Config\Filters.php on line 22.
 1 SYSTEMPATH\Autoloader\Autoloader.php(285): CodeIgniter\Autoloader\Autoloader->includeFile('C:\\laragon\\www\\ecomm\\app\\Config\\Filters.php')
 2 SYSTEMPATH\Autoloader\Autoloader.php(263): CodeIgniter\Autoloader\Autoloader->loadInNamespace('Config\\Filters')
 3 [internal function]: CodeIgniter\Autoloader\Autoloader->loadClass('Config\\Filters')
 4 SYSTEMPATH\Config\Factories.php(277): class_exists('Config\\Filters')
 5 SYSTEMPATH\Config\Factories.php(196): CodeIgniter\Config\Factories::locateClass([...], 'Config\\Filters')
 6 SYSTEMPATH\Config\Factories.php(155): CodeIgniter\Config\Factories::getDefinedInstance([...], 'Config\\Filters', [])
 7 SYSTEMPATH\Common.php(217): CodeIgniter\Config\Factories::__callStatic('config', [])
 8 SYSTEMPATH\Config\Services.php(290): config('Config\\Filters')
 9 SYSTEMPATH\Config\BaseService.php(258): CodeIgniter\Config\Services::filters(null, false)
10 SYSTEMPATH\Config\BaseService.php(199): CodeIgniter\Config\BaseService::__callStatic('filters', [...])
11 SYSTEMPATH\Config\Services.php(287): CodeIgniter\Config\BaseService::getSharedInstance('filters', null)
12 SYSTEMPATH\Config\BaseService.php(258): CodeIgniter\Config\Services::filters()
13 SYSTEMPATH\CodeIgniter.php(448): CodeIgniter\Config\BaseService::__callStatic('filters', [])
14 SYSTEMPATH\CodeIgniter.php(353): CodeIgniter\CodeIgniter->handleRequest(null, Object(Config\Cache), false)
15 FCPATH\index.php(79): CodeIgniter\CodeIgniter->run()
16 SYSTEMPATH\Commands\Server\rewrite.php(47): require_once('C:\\laragon\\www\\ecomm\\public\\index.php')
CRITICAL - 2023-10-01 07:13:29 --> Class "App\Controllers\Controller" not found
in APPPATH\Controllers\SignupController.php on line 6.
 1 SYSTEMPATH\Autoloader\Autoloader.php(306): include_once()
 2 SYSTEMPATH\Autoloader\Autoloader.php(285): CodeIgniter\Autoloader\Autoloader->includeFile('C:\\laragon\\www\\ecomm\\app\\Controllers\\SignupController.php')
 3 SYSTEMPATH\Autoloader\Autoloader.php(263): CodeIgniter\Autoloader\Autoloader->loadInNamespace('App\\Controllers\\SignupController')
 4 [internal function]: CodeIgniter\Autoloader\Autoloader->loadClass('App\\Controllers\\SignupController')
 5 SYSTEMPATH\CodeIgniter.php(877): class_exists('\\App\\Controllers\\SignupController', true)
 6 SYSTEMPATH\CodeIgniter.php(481): CodeIgniter\CodeIgniter->startController()
 7 SYSTEMPATH\CodeIgniter.php(353): CodeIgniter\CodeIgniter->handleRequest(null, Object(Config\Cache), false)
 8 FCPATH\index.php(79): CodeIgniter\CodeIgniter->run()
 9 SYSTEMPATH\Commands\Server\rewrite.php(47): require_once('C:\\laragon\\www\\ecomm\\public\\index.php')
CRITICAL - 2023-10-01 07:14:39 --> Invalid file: "signup.php"
in SYSTEMPATH\Exceptions\FrameworkException.php on line 39.
 1 SYSTEMPATH\View\View.php(214): CodeIgniter\Exceptions\FrameworkException::forInvalidFile('signup.php')
 2 SYSTEMPATH\Common.php(1188): CodeIgniter\View\View->render('signup', [], true)
 3 APPPATH\Controllers\SignupController.php(12): view('signup', [])
 4 SYSTEMPATH\CodeIgniter.php(919): App\Controllers\SignupController->index()
 5 SYSTEMPATH\CodeIgniter.php(494): CodeIgniter\CodeIgniter->runController(Object(App\Controllers\SignupController))
 6 SYSTEMPATH\CodeIgniter.php(353): CodeIgniter\CodeIgniter->handleRequest(null, Object(Config\Cache), false)
 7 FCPATH\index.php(79): CodeIgniter\CodeIgniter->run()
 8 SYSTEMPATH\Commands\Server\rewrite.php(47): require_once('C:\\laragon\\www\\ecomm\\public\\index.php')
CRITICAL - 2023-10-01 07:15:42 --> Class "App\Controllers\Controller" not found
in APPPATH\Controllers\SignupController.php on line 6.
 1 SYSTEMPATH\Autoloader\Autoloader.php(306): include_once()
 2 SYSTEMPATH\Autoloader\Autoloader.php(285): CodeIgniter\Autoloader\Autoloader->includeFile('C:\\laragon\\www\\ecomm\\app\\Controllers\\SignupController.php')
 3 SYSTEMPATH\Autoloader\Autoloader.php(263): CodeIgniter\Autoloader\Autoloader->loadInNamespace('App\\Controllers\\SignupController')
 4 [internal function]: CodeIgniter\Autoloader\Autoloader->loadClass('App\\Controllers\\SignupController')
 5 SYSTEMPATH\CodeIgniter.php(877): class_exists('\\App\\Controllers\\SignupController', true)
 6 SYSTEMPATH\CodeIgniter.php(481): CodeIgniter\CodeIgniter->startController()
 7 SYSTEMPATH\CodeIgniter.php(353): CodeIgniter\CodeIgniter->handleRequest(null, Object(Config\Cache), false)
 8 FCPATH\index.php(79): CodeIgniter\CodeIgniter->run()
 9 SYSTEMPATH\Commands\Server\rewrite.php(47): require_once('C:\\laragon\\www\\ecomm\\public\\index.php')
CRITICAL - 2023-10-01 07:16:53 --> Class "App\SignupControllers\Controller" not found
in APPPATH\Controllers\SignupController.php on line 5.
 1 SYSTEMPATH\Autoloader\Autoloader.php(306): include_once()
 2 SYSTEMPATH\Autoloader\Autoloader.php(285): CodeIgniter\Autoloader\Autoloader->includeFile('C:\\laragon\\www\\ecomm\\app\\Controllers\\SignupController.php')
 3 SYSTEMPATH\Autoloader\Autoloader.php(263): CodeIgniter\Autoloader\Autoloader->loadInNamespace('App\\Controllers\\SignupController')
 4 [internal function]: CodeIgniter\Autoloader\Autoloader->loadClass('App\\Controllers\\SignupController')
 5 SYSTEMPATH\CodeIgniter.php(877): class_exists('\\App\\Controllers\\SignupController', true)
 6 SYSTEMPATH\CodeIgniter.php(481): CodeIgniter\CodeIgniter->startController()
 7 SYSTEMPATH\CodeIgniter.php(353): CodeIgniter\CodeIgniter->handleRequest(null, Object(Config\Cache), false)
 8 FCPATH\index.php(79): CodeIgniter\CodeIgniter->run()
 9 SYSTEMPATH\Commands\Server\rewrite.php(47): require_once('C:\\laragon\\www\\ecomm\\public\\index.php')
CRITICAL - 2023-10-01 07:17:12 --> Class "App\SignupControllers\Controller" not found
in APPPATH\Controllers\SignupController.php on line 6.
 1 SYSTEMPATH\Autoloader\Autoloader.php(306): include_once()
 2 SYSTEMPATH\Autoloader\Autoloader.php(285): CodeIgniter\Autoloader\Autoloader->includeFile('C:\\laragon\\www\\ecomm\\app\\Controllers\\SignupController.php')
 3 SYSTEMPATH\Autoloader\Autoloader.php(263): CodeIgniter\Autoloader\Autoloader->loadInNamespace('App\\Controllers\\SignupController')
 4 [internal function]: CodeIgniter\Autoloader\Autoloader->loadClass('App\\Controllers\\SignupController')
 5 SYSTEMPATH\CodeIgniter.php(877): class_exists('\\App\\Controllers\\SignupController', true)
 6 SYSTEMPATH\CodeIgniter.php(481): CodeIgniter\CodeIgniter->startController()
 7 SYSTEMPATH\CodeIgniter.php(353): CodeIgniter\CodeIgniter->handleRequest(null, Object(Config\Cache), false)
 8 FCPATH\index.php(79): CodeIgniter\CodeIgniter->run()
 9 SYSTEMPATH\Commands\Server\rewrite.php(47): require_once('C:\\laragon\\www\\ecomm\\public\\index.php')
CRITICAL - 2023-10-01 07:18:17 --> Invalid file: "signup.php"
in SYSTEMPATH\Exceptions\FrameworkException.php on line 39.
 1 SYSTEMPATH\View\View.php(214): CodeIgniter\Exceptions\FrameworkException::forInvalidFile('signup.php')
 2 SYSTEMPATH\Common.php(1188): CodeIgniter\View\View->render('signup', [], true)
 3 APPPATH\Controllers\SignupController.php(12): view('signup', [])
 4 SYSTEMPATH\CodeIgniter.php(919): App\Controllers\SignupController->index()
 5 SYSTEMPATH\CodeIgniter.php(494): CodeIgniter\CodeIgniter->runController(Object(App\Controllers\SignupController))
 6 SYSTEMPATH\CodeIgniter.php(353): CodeIgniter\CodeIgniter->handleRequest(null, Object(Config\Cache), false)
 7 FCPATH\index.php(79): CodeIgniter\CodeIgniter->run()
 8 SYSTEMPATH\Commands\Server\rewrite.php(47): require_once('C:\\laragon\\www\\ecomm\\public\\index.php')
CRITICAL - 2023-10-01 07:19:13 --> Invalid file: "signup.php"
in SYSTEMPATH\Exceptions\FrameworkException.php on line 39.
 1 SYSTEMPATH\View\View.php(214): CodeIgniter\Exceptions\FrameworkException::forInvalidFile('signup.php')
 2 SYSTEMPATH\Common.php(1188): CodeIgniter\View\View->render('signup', [], true)
 3 APPPATH\Controllers\SignupController.php(12): view('signup', [])
 4 SYSTEMPATH\CodeIgniter.php(919): App\Controllers\SignupController->index()
 5 SYSTEMPATH\CodeIgniter.php(494): CodeIgniter\CodeIgniter->runController(Object(App\Controllers\SignupController))
 6 SYSTEMPATH\CodeIgniter.php(353): CodeIgniter\CodeIgniter->handleRequest(null, Object(Config\Cache), false)
 7 FCPATH\index.php(79): CodeIgniter\CodeIgniter->run()
 8 SYSTEMPATH\Commands\Server\rewrite.php(47): require_once('C:\\laragon\\www\\ecomm\\public\\index.php')
CRITICAL - 2023-10-01 07:19:14 --> Invalid file: "signup.php"
in SYSTEMPATH\Exceptions\FrameworkException.php on line 39.
 1 SYSTEMPATH\View\View.php(214): CodeIgniter\Exceptions\FrameworkException::forInvalidFile('signup.php')
 2 SYSTEMPATH\Common.php(1188): CodeIgniter\View\View->render('signup', [], true)
 3 APPPATH\Controllers\SignupController.php(12): view('signup', [])
 4 SYSTEMPATH\CodeIgniter.php(919): App\Controllers\SignupController->index()
 5 SYSTEMPATH\CodeIgniter.php(494): CodeIgniter\CodeIgniter->runController(Object(App\Controllers\SignupController))
 6 SYSTEMPATH\CodeIgniter.php(353): CodeIgniter\CodeIgniter->handleRequest(null, Object(Config\Cache), false)
 7 FCPATH\index.php(79): CodeIgniter\CodeIgniter->run()
 8 SYSTEMPATH\Commands\Server\rewrite.php(47): require_once('C:\\laragon\\www\\ecomm\\public\\index.php')
CRITICAL - 2023-10-01 07:19:31 --> Invalid file: "signup.php"
in SYSTEMPATH\Exceptions\FrameworkException.php on line 39.
 1 SYSTEMPATH\View\View.php(214): CodeIgniter\Exceptions\FrameworkException::forInvalidFile('signup.php')
 2 SYSTEMPATH\Common.php(1188): CodeIgniter\View\View->render('signup', [], true)
 3 APPPATH\Controllers\SignupController.php(12): view('signup', [])
 4 SYSTEMPATH\CodeIgniter.php(919): App\Controllers\SignupController->index()
 5 SYSTEMPATH\CodeIgniter.php(494): CodeIgniter\CodeIgniter->runController(Object(App\Controllers\SignupController))
 6 SYSTEMPATH\CodeIgniter.php(353): CodeIgniter\CodeIgniter->handleRequest(null, Object(Config\Cache), false)
 7 FCPATH\index.php(79): CodeIgniter\CodeIgniter->run()
 8 SYSTEMPATH\Commands\Server\rewrite.php(47): require_once('C:\\laragon\\www\\ecomm\\public\\index.php')
CRITICAL - 2023-10-01 07:20:43 --> Invalid file: "signup.php"
in SYSTEMPATH\Exceptions\FrameworkException.php on line 39.
 1 SYSTEMPATH\View\View.php(214): CodeIgniter\Exceptions\FrameworkException::forInvalidFile('signup.php')
 2 SYSTEMPATH\Common.php(1188): CodeIgniter\View\View->render('signup', [], true)
 3 APPPATH\Controllers\SignupController.php(12): view('signup', [])
 4 SYSTEMPATH\CodeIgniter.php(919): App\Controllers\SignupController->index()
 5 SYSTEMPATH\CodeIgniter.php(494): CodeIgniter\CodeIgniter->runController(Object(App\Controllers\SignupController))
 6 SYSTEMPATH\CodeIgniter.php(353): CodeIgniter\CodeIgniter->handleRequest(null, Object(Config\Cache), false)
 7 FCPATH\index.php(79): CodeIgniter\CodeIgniter->run()
 8 SYSTEMPATH\Commands\Server\rewrite.php(47): require_once('C:\\laragon\\www\\ecomm\\public\\index.php')
CRITICAL - 2023-10-01 07:34:52 --> Invalid file: "signup.php"
in SYSTEMPATH\Exceptions\FrameworkException.php on line 39.
 1 SYSTEMPATH\View\View.php(214): CodeIgniter\Exceptions\FrameworkException::forInvalidFile('signup.php')
 2 SYSTEMPATH\Common.php(1188): CodeIgniter\View\View->render('signup', [], true)
 3 APPPATH\Controllers\SignupController.php(12): view('signup', [])
 4 SYSTEMPATH\CodeIgniter.php(919): App\Controllers\SignupController->index()
 5 SYSTEMPATH\CodeIgniter.php(494): CodeIgniter\CodeIgniter->runController(Object(App\Controllers\SignupController))
 6 SYSTEMPATH\CodeIgniter.php(353): CodeIgniter\CodeIgniter->handleRequest(null, Object(Config\Cache), false)
 7 FCPATH\index.php(79): CodeIgniter\CodeIgniter->run()
 8 SYSTEMPATH\Commands\Server\rewrite.php(47): require_once('C:\\laragon\\www\\ecomm\\public\\index.php')
CRITICAL - 2023-10-01 07:38:47 --> Invalid file: "signup.php"
in SYSTEMPATH\Exceptions\FrameworkException.php on line 39.
 1 SYSTEMPATH\View\View.php(214): CodeIgniter\Exceptions\FrameworkException::forInvalidFile('signup.php')
 2 SYSTEMPATH\Common.php(1188): CodeIgniter\View\View->render('signup', [], true)
 3 APPPATH\Controllers\SignupController.php(12): view('signup', [])
 4 SYSTEMPATH\CodeIgniter.php(919): App\Controllers\SignupController->index()
 5 SYSTEMPATH\CodeIgniter.php(494): CodeIgniter\CodeIgniter->runController(Object(App\Controllers\SignupController))
 6 SYSTEMPATH\CodeIgniter.php(353): CodeIgniter\CodeIgniter->handleRequest(null, Object(Config\Cache), false)
 7 FCPATH\index.php(79): CodeIgniter\CodeIgniter->run()
 8 SYSTEMPATH\Commands\Server\rewrite.php(47): require_once('C:\\laragon\\www\\ecomm\\public\\index.php')
CRITICAL - 2023-10-01 07:38:50 --> Invalid file: "signup.php"
in SYSTEMPATH\Exceptions\FrameworkException.php on line 39.
 1 SYSTEMPATH\View\View.php(214): CodeIgniter\Exceptions\FrameworkException::forInvalidFile('signup.php')
 2 SYSTEMPATH\Common.php(1188): CodeIgniter\View\View->render('signup', [], true)
 3 APPPATH\Controllers\SignupController.php(12): view('signup', [])
 4 SYSTEMPATH\CodeIgniter.php(919): App\Controllers\SignupController->index()
 5 SYSTEMPATH\CodeIgniter.php(494): CodeIgniter\CodeIgniter->runController(Object(App\Controllers\SignupController))
 6 SYSTEMPATH\CodeIgniter.php(353): CodeIgniter\CodeIgniter->handleRequest(null, Object(Config\Cache), false)
 7 FCPATH\index.php(79): CodeIgniter\CodeIgniter->run()
 8 SYSTEMPATH\Commands\Server\rewrite.php(47): require_once('C:\\laragon\\www\\ecomm\\public\\index.php')
CRITICAL - 2023-10-01 07:38:51 --> Invalid file: "signup.php"
in SYSTEMPATH\Exceptions\FrameworkException.php on line 39.
 1 SYSTEMPATH\View\View.php(214): CodeIgniter\Exceptions\FrameworkException::forInvalidFile('signup.php')
 2 SYSTEMPATH\Common.php(1188): CodeIgniter\View\View->render('signup', [], true)
 3 APPPATH\Controllers\SignupController.php(12): view('signup', [])
 4 SYSTEMPATH\CodeIgniter.php(919): App\Controllers\SignupController->index()
 5 SYSTEMPATH\CodeIgniter.php(494): CodeIgniter\CodeIgniter->runController(Object(App\Controllers\SignupController))
 6 SYSTEMPATH\CodeIgniter.php(353): CodeIgniter\CodeIgniter->handleRequest(null, Object(Config\Cache), false)
 7 FCPATH\index.php(79): CodeIgniter\CodeIgniter->run()
 8 SYSTEMPATH\Commands\Server\rewrite.php(47): require_once('C:\\laragon\\www\\ecomm\\public\\index.php')
CRITICAL - 2023-10-01 07:57:33 --> Invalid file: "signup.php"
in SYSTEMPATH\Exceptions\FrameworkException.php on line 39.
 1 SYSTEMPATH\View\View.php(214): CodeIgniter\Exceptions\FrameworkException::forInvalidFile('signup.php')
 2 SYSTEMPATH\Common.php(1188): CodeIgniter\View\View->render('signup', [], true)
 3 APPPATH\Controllers\UserController.php(13): view('signup', [])
 4 SYSTEMPATH\CodeIgniter.php(919): App\Controllers\UserController->register()
 5 SYSTEMPATH\CodeIgniter.php(494): CodeIgniter\CodeIgniter->runController(Object(App\Controllers\UserController))
 6 SYSTEMPATH\CodeIgniter.php(353): CodeIgniter\CodeIgniter->handleRequest(null, Object(Config\Cache), false)
 7 FCPATH\index.php(79): CodeIgniter\CodeIgniter->run()
 8 SYSTEMPATH\Commands\Server\rewrite.php(47): require_once('C:\\laragon\\www\\ecomm\\public\\index.php')
CRITICAL - 2023-10-01 09:40:52 --> Invalid file: "/.php"
in SYSTEMPATH\Exceptions\FrameworkException.php on line 39.
 1 SYSTEMPATH\View\View.php(214): CodeIgniter\Exceptions\FrameworkException::forInvalidFile('/.php')
 2 SYSTEMPATH\Common.php(1188): CodeIgniter\View\View->render('/', [], true)
 3 APPPATH\Controllers\UserController.php(13): view('/', [])
 4 SYSTEMPATH\CodeIgniter.php(919): App\Controllers\UserController->register()
 5 SYSTEMPATH\CodeIgniter.php(494): CodeIgniter\CodeIgniter->runController(Object(App\Controllers\UserController))
 6 SYSTEMPATH\CodeIgniter.php(353): CodeIgniter\CodeIgniter->handleRequest(null, Object(Config\Cache), false)
 7 FCPATH\index.php(79): CodeIgniter\CodeIgniter->run()
 8 SYSTEMPATH\Commands\Server\rewrite.php(47): require_once('C:\\laragon\\www\\ecomm\\public\\index.php')
CRITICAL - 2023-10-01 11:05:49 --> Undefined variable $products
in APPPATH\Views\admins\insert.php on line 208.
 1 APPPATH\Views\admins\insert.php(208): CodeIgniter\Debug\Exceptions->errorHandler(2, 'Undefined variable $products', 'C:\\laragon\\www\\ecomm\\app\\Views\\admins\\insert.php', 208)
 2 SYSTEMPATH\View\View.php(226): include('C:\\laragon\\www\\ecomm\\app\\Views\\admins\\insert.php')
 3 SYSTEMPATH\View\View.php(229): CodeIgniter\View\View->CodeIgniter\View\{closure}()
 4 SYSTEMPATH\Common.php(1188): CodeIgniter\View\View->render('admins/insert', [], true)
 5 APPPATH\Controllers\AdminController.php(17): view('admins/insert')
 6 SYSTEMPATH\CodeIgniter.php(919): App\Controllers\AdminController->insert()
 7 SYSTEMPATH\CodeIgniter.php(494): CodeIgniter\CodeIgniter->runController(Object(App\Controllers\AdminController))
 8 SYSTEMPATH\CodeIgniter.php(353): CodeIgniter\CodeIgniter->handleRequest(null, Object(Config\Cache), false)
 9 FCPATH\index.php(79): CodeIgniter\CodeIgniter->run()
10 SYSTEMPATH\Commands\Server\rewrite.php(47): require_once('C:\\laragon\\www\\ecomm\\public\\index.php')
CRITICAL - 2023-10-01 11:06:35 --> Undefined variable $products
in APPPATH\Views\admins\insert.php on line 208.
 1 APPPATH\Views\admins\insert.php(208): CodeIgniter\Debug\Exceptions->errorHandler(2, 'Undefined variable $products', 'C:\\laragon\\www\\ecomm\\app\\Views\\admins\\insert.php', 208)
 2 SYSTEMPATH\View\View.php(226): include('C:\\laragon\\www\\ecomm\\app\\Views\\admins\\insert.php')
 3 SYSTEMPATH\View\View.php(229): CodeIgniter\View\View->CodeIgniter\View\{closure}()
 4 SYSTEMPATH\Common.php(1188): CodeIgniter\View\View->render('admins/insert', [], true)
 5 APPPATH\Controllers\AdminController.php(17): view('admins/insert')
 6 SYSTEMPATH\CodeIgniter.php(919): App\Controllers\AdminController->insert()
 7 SYSTEMPATH\CodeIgniter.php(494): CodeIgniter\CodeIgniter->runController(Object(App\Controllers\AdminController))
 8 SYSTEMPATH\CodeIgniter.php(353): CodeIgniter\CodeIgniter->handleRequest(null, Object(Config\Cache), false)
 9 FCPATH\index.php(79): CodeIgniter\CodeIgniter->run()
10 SYSTEMPATH\Commands\Server\rewrite.php(47): require_once('C:\\laragon\\www\\ecomm\\public\\index.php')
CRITICAL - 2023-10-01 11:06:48 --> Undefined variable $products
in APPPATH\Views\admins\insert.php on line 208.
 1 APPPATH\Views\admins\insert.php(208): CodeIgniter\Debug\Exceptions->errorHandler(2, 'Undefined variable $products', 'C:\\laragon\\www\\ecomm\\app\\Views\\admins\\insert.php', 208)
 2 SYSTEMPATH\View\View.php(226): include('C:\\laragon\\www\\ecomm\\app\\Views\\admins\\insert.php')
 3 SYSTEMPATH\View\View.php(229): CodeIgniter\View\View->CodeIgniter\View\{closure}()
 4 SYSTEMPATH\Common.php(1188): CodeIgniter\View\View->render('admins/insert', [], true)
 5 APPPATH\Controllers\AdminController.php(17): view('admins/insert')
 6 SYSTEMPATH\CodeIgniter.php(919): App\Controllers\AdminController->insert()
 7 SYSTEMPATH\CodeIgniter.php(494): CodeIgniter\CodeIgniter->runController(Object(App\Controllers\AdminController))
 8 SYSTEMPATH\CodeIgniter.php(353): CodeIgniter\CodeIgniter->handleRequest(null, Object(Config\Cache), false)
 9 FCPATH\index.php(79): CodeIgniter\CodeIgniter->run()
10 SYSTEMPATH\Commands\Server\rewrite.php(47): require_once('C:\\laragon\\www\\ecomm\\public\\index.php')
CRITICAL - 2023-10-01 11:06:49 --> Undefined variable $products
in APPPATH\Views\admins\insert.php on line 208.
 1 APPPATH\Views\admins\insert.php(208): CodeIgniter\Debug\Exceptions->errorHandler(2, 'Undefined variable $products', 'C:\\laragon\\www\\ecomm\\app\\Views\\admins\\insert.php', 208)
 2 SYSTEMPATH\View\View.php(226): include('C:\\laragon\\www\\ecomm\\app\\Views\\admins\\insert.php')
 3 SYSTEMPATH\View\View.php(229): CodeIgniter\View\View->CodeIgniter\View\{closure}()
 4 SYSTEMPATH\Common.php(1188): CodeIgniter\View\View->render('admins/insert', [], true)
 5 APPPATH\Controllers\AdminController.php(17): view('admins/insert')
 6 SYSTEMPATH\CodeIgniter.php(919): App\Controllers\AdminController->insert()
 7 SYSTEMPATH\CodeIgniter.php(494): CodeIgniter\CodeIgniter->runController(Object(App\Controllers\AdminController))
 8 SYSTEMPATH\CodeIgniter.php(353): CodeIgniter\CodeIgniter->handleRequest(null, Object(Config\Cache), false)
 9 FCPATH\index.php(79): CodeIgniter\CodeIgniter->run()
10 SYSTEMPATH\Commands\Server\rewrite.php(47): require_once('C:\\laragon\\www\\ecomm\\public\\index.php')
CRITICAL - 2023-10-01 13:21:44 --> syntax error, unexpected single-quoted string ", ", expecting ")"
in APPPATH\Config\Routes.php on line 13.
 1 SYSTEMPATH\CodeIgniter.php(787): CodeIgniter\Router\RouteCollection->loadRoutes()
 2 SYSTEMPATH\CodeIgniter.php(442): CodeIgniter\CodeIgniter->tryToRouteIt(null)
 3 SYSTEMPATH\CodeIgniter.php(353): CodeIgniter\CodeIgniter->handleRequest(null, Object(Config\Cache), false)
 4 FCPATH\index.php(79): CodeIgniter\CodeIgniter->run()
 5 SYSTEMPATH\Commands\Server\rewrite.php(47): require_once('C:\\laragon\\www\\ecomm\\public\\index.php')
